Flow report for rv32i_core_udp
Tue Apr 30 23:55:38 2019
Quartus Prime Version 17.1.0 Build 590 10/25/2017 SJ Standard Edition


---------------------
; Table of Contents ;
---------------------
  1. Legal Notice
  2. Flow Summary
  3. Flow Settings
  4. Flow Non-Default Global Settings
  5. Flow Elapsed Time
  6. Flow OS Summary
  7. Flow Log
  8. Flow Messages
  9. Flow Suppressed Messages



----------------
; Legal Notice ;
----------------
Copyright (C) 2017  Intel Corporation. All rights reserved.
Your use of Intel Corporation's design tools, logic functions 
and other software and tools, and its AMPP partner logic 
functions, and any output files from any of the foregoing 
(including device programming or simulation files), and any 
associated documentation or information are expressly subject 
to the terms and conditions of the Intel Program License 
Subscription Agreement, the Intel Quartus Prime License Agreement,
the Intel FPGA IP License Agreement, or other applicable license
agreement, including, without limitation, that your use is for
the sole purpose of programming logic devices manufactured by
Intel and sold by Intel or its authorized distributors.  Please
refer to the applicable agreement for further details.



+--------------------------------------------------------------------------------------+
; Flow Summary                                                                         ;
+------------------------------------+-------------------------------------------------+
; Flow Status                        ; Successful - Tue Apr 30 23:55:38 2019           ;
; Quartus Prime Version              ; 17.1.0 Build 590 10/25/2017 SJ Standard Edition ;
; Revision Name                      ; rv32i_core_udp                                  ;
; Top-level Entity Name              ; rv32i_top                                       ;
; Family                             ; Cyclone IV E                                    ;
; Device                             ; EP4CE10F17C8                                    ;
; Timing Models                      ; Final                                           ;
; Total logic elements               ; 4,554 / 10,320 ( 44 % )                         ;
;     Total combinational functions  ; 4,334 / 10,320 ( 42 % )                         ;
;     Dedicated logic registers      ; 1,463 / 10,320 ( 14 % )                         ;
; Total registers                    ; 1468                                            ;
; Total pins                         ; 16 / 180 ( 9 % )                                ;
; Total virtual pins                 ; 0                                               ;
; Total memory bits                  ; 26,624 / 423,936 ( 6 % )                        ;
; Embedded Multiplier 9-bit elements ; 0 / 46 ( 0 % )                                  ;
; Total PLLs                         ; 1 / 2 ( 50 % )                                  ;
+------------------------------------+-------------------------------------------------+


+-----------------------------------------+
; Flow Settings                           ;
+-------------------+---------------------+
; Option            ; Setting             ;
+-------------------+---------------------+
; Start date & time ; 04/30/2019 23:53:05 ;
; Main task         ; Compilation         ;
; Revision Name     ; rv32i_core_udp      ;
+-------------------+---------------------+


+-------------------------------------------------------------------------------------------------------------------------------+
; Flow Non-Default Global Settings                                                                                              ;
+--------------------------------------+----------------------------------------+----------------+-------------+----------------+
; Assignment Name                      ; Value                                  ; Default Value  ; Entity Name ; Section Id     ;
+--------------------------------------+----------------------------------------+----------------+-------------+----------------+
; COMPILER_SIGNATURE_ID                ; 70465358594488.155663958506052         ; --             ; --          ; --             ;
; ECO_OPTIMIZE_TIMING                  ; On                                     ; Off            ; --          ; --             ;
; ECO_REGENERATE_REPORT                ; On                                     ; Off            ; --          ; --             ;
; EDA_DESIGN_INSTANCE_NAME             ; NA                                     ; --             ; --          ; tb_rv32i_top   ;
; EDA_NATIVELINK_SIMULATION_TEST_BENCH ; tb_rv32i_top                           ; --             ; --          ; eda_simulation ;
; EDA_OUTPUT_DATA_FORMAT               ; Verilog Hdl                            ; --             ; --          ; eda_simulation ;
; EDA_SIMULATION_TOOL                  ; ModelSim-Altera (Verilog)              ; <None>         ; --          ; --             ;
; EDA_TEST_BENCH_ENABLE_STATUS         ; TEST_BENCH_MODE                        ; --             ; --          ; eda_simulation ;
; EDA_TEST_BENCH_FILE                  ; sim/tb_rv32i_top.v                     ; --             ; --          ; tb_rv32i_top   ;
; EDA_TEST_BENCH_MODULE_NAME           ; tb_rv32i_top                           ; --             ; --          ; tb_rv32i_top   ;
; EDA_TEST_BENCH_NAME                  ; tb_rv32i_top                           ; --             ; --          ; eda_simulation ;
; EDA_TEST_BENCH_RUN_SIM_FOR           ; 300 ns                                 ; --             ; --          ; tb_rv32i_top   ;
; EDA_TIME_SCALE                       ; 1 ps                                   ; --             ; --          ; eda_simulation ;
; ENABLE_SIGNALTAP                     ; Off                                    ; --             ; --          ; --             ;
; FITTER_EFFORT                        ; Standard Fit                           ; Auto Fit       ; --          ; --             ;
; MAX_CORE_JUNCTION_TEMP               ; 85                                     ; --             ; --          ; --             ;
; MIN_CORE_JUNCTION_TEMP               ; 0                                      ; --             ; --          ; --             ;
; MISC_FILE                            ; rtl/rv32i_sys_clk/sys_pll_bb.v         ; --             ; --          ; --             ;
; MISC_FILE                            ; rtl/rv32i_sys_clk/sys_pll.ppf          ; --             ; --          ; --             ;
; MISC_FILE                            ; rtl/icache/rv32i_icache_bb.v           ; --             ; --          ; --             ;
; MISC_FILE                            ; rtl/dcache/rv32i_dcache_bb.v           ; --             ; --          ; --             ;
; MUX_RESTRUCTURE                      ; Off                                    ; Auto           ; --          ; --             ;
; NUM_PARALLEL_PROCESSORS              ; All                                    ; --             ; --          ; --             ;
; OPTIMIZATION_MODE                    ; Aggressive Performance                 ; Balanced       ; --          ; --             ;
; OUTPUT_IO_TIMING_FAR_END_VMEAS       ; Half Signal Swing                      ; --             ; --          ; --             ;
; OUTPUT_IO_TIMING_FAR_END_VMEAS       ; Half Signal Swing                      ; --             ; --          ; --             ;
; OUTPUT_IO_TIMING_NEAR_END_VMEAS      ; Half Vccio                             ; --             ; --          ; --             ;
; OUTPUT_IO_TIMING_NEAR_END_VMEAS      ; Half Vccio                             ; --             ; --          ; --             ;
; PARTITION_COLOR                      ; -- (Not supported for targeted family) ; --             ; rv32i_top   ; Top            ;
; PARTITION_FITTER_PRESERVATION_LEVEL  ; -- (Not supported for targeted family) ; --             ; rv32i_top   ; Top            ;
; PARTITION_NETLIST_TYPE               ; -- (Not supported for targeted family) ; --             ; rv32i_top   ; Top            ;
; PHYSICAL_SYNTHESIS_COMBO_LOGIC       ; On                                     ; Off            ; --          ; --             ;
; PHYSICAL_SYNTHESIS_REGISTER_RETIMING ; On                                     ; Off            ; --          ; --             ;
; PLACEMENT_EFFORT_MULTIPLIER          ; 4.0                                    ; 1.0            ; --          ; --             ;
; POWER_BOARD_THERMAL_MODEL            ; None (CONSERVATIVE)                    ; --             ; --          ; --             ;
; POWER_PRESET_COOLING_SOLUTION        ; 23 MM HEAT SINK WITH 200 LFPM AIRFLOW  ; --             ; --          ; --             ;
; ROUTER_EFFORT_MULTIPLIER             ; 4.0                                    ; 1.0            ; --          ; --             ;
; ROUTER_TIMING_OPTIMIZATION_LEVEL     ; MAXIMUM                                ; Normal         ; --          ; --             ;
; SEARCH_PATH                          ; rtl/                                   ; --             ; --          ; --             ;
; SEED                                 ; 3                                      ; 1              ; --          ; --             ;
; TOP_LEVEL_ENTITY                     ; rv32i_top                              ; rv32i_core_udp ; --          ; --             ;
; USE_GENERATED_PHYSICAL_CONSTRAINTS   ; Off                                    ; --             ; --          ; eda_palace     ;
; USE_SIGNALTAP_FILE                   ; rv32i_test.stp                         ; --             ; --          ; --             ;
+--------------------------------------+----------------------------------------+----------------+-------------+----------------+


+-------------------------------------------------------------------------------------------------------------------------------+
; Flow Elapsed Time                                                                                                             ;
+---------------------------+--------------+-------------------------+---------------------+------------------------------------+
; Module Name               ; Elapsed Time ; Average Processors Used ; Peak Virtual Memory ; Total CPU Time (on all processors) ;
+---------------------------+--------------+-------------------------+---------------------+------------------------------------+
; Analysis & Synthesis      ; 00:00:28     ; 1.0                     ; 742 MB              ; 00:00:46                           ;
; Fitter                    ; 00:00:48     ; 1.1                     ; 1518 MB             ; 00:01:11                           ;
; TimeQuest Timing Analyzer ; 00:00:05     ; 2.1                     ; 676 MB              ; 00:00:05                           ;
; Assembler                 ; 00:00:01     ; 1.0                     ; 544 MB              ; 00:00:01                           ;
; Total                     ; 00:01:22     ; --                      ; --                  ; 00:02:03                           ;
+---------------------------+--------------+-------------------------+---------------------+------------------------------------+


+----------------------------------------------------------------------------------------+
; Flow OS Summary                                                                        ;
+---------------------------+------------------+-----------+------------+----------------+
; Module Name               ; Machine Hostname ; OS Name   ; OS Version ; Processor type ;
+---------------------------+------------------+-----------+------------+----------------+
; Analysis & Synthesis      ; Briansune-PC     ; Windows 7 ; 6.1        ; x86_64         ;
; Fitter                    ; Briansune-PC     ; Windows 7 ; 6.1        ; x86_64         ;
; TimeQuest Timing Analyzer ; Briansune-PC     ; Windows 7 ; 6.1        ; x86_64         ;
; Assembler                 ; Briansune-PC     ; Windows 7 ; 6.1        ; x86_64         ;
+---------------------------+------------------+-----------+------------+----------------+


------------
; Flow Log ;
------------
quartus_map --read_settings_files=on --write_settings_files=off rv32i_core_udp -c rv32i_core_udp
quartus_fit --read_settings_files=off --write_settings_files=off rv32i_core_udp -c rv32i_core_udp
quartus_sta rv32i_core_udp -c rv32i_core_udp
quartus_asm --read_settings_files=on --write_settings_files=off rv32i_core_udp -c rv32i_core_udp



