e:\xilinx_cmp_arch\risc_v\udp_cpp\udp_client\udp_client\x64\debug\udp_client.pch
e:\xilinx_cmp_arch\risc_v\udp_cpp\udp_client\udp_client\x64\debug\vc140.pdb
e:\xilinx_cmp_arch\risc_v\udp_cpp\udp_client\udp_client\x64\debug\vc140.idb
e:\xilinx_cmp_arch\risc_v\udp_cpp\udp_client\udp_client\x64\debug\stdafx.obj
e:\xilinx_cmp_arch\risc_v\udp_cpp\udp_client\udp_client\x64\debug\udp_client.obj
e:\xilinx_cmp_arch\risc_v\udp_cpp\udp_risc_v\udp_client\x64\debug\udp_client.pch
e:\xilinx_cmp_arch\risc_v\udp_cpp\udp_risc_v\udp_client\x64\debug\vc140.pdb
e:\xilinx_cmp_arch\risc_v\udp_cpp\udp_risc_v\udp_client\x64\debug\vc140.idb
e:\xilinx_cmp_arch\risc_v\udp_cpp\udp_risc_v\udp_client\x64\debug\stdafx.obj
e:\xilinx_cmp_arch\risc_v\udp_cpp\udp_risc_v\udp_client\x64\debug\udp_client.obj
e:\xilinx_cmp_arch\risc_v\udp_cpp\udp_client\x64\debug\udp_client.ilk
e:\xilinx_cmp_arch\risc_v\udp_cpp\udp_client\x64\debug\udp_client.exe
e:\xilinx_cmp_arch\risc_v\udp_cpp\udp_client\x64\debug\udp_client.pdb
e:\xilinx_cmp_arch\risc_v\udp_cpp\udp_risc_v\x64\debug\udp_client.ilk
e:\xilinx_cmp_arch\risc_v\udp_cpp\udp_risc_v\x64\debug\udp_client.exe
e:\xilinx_cmp_arch\risc_v\udp_cpp\udp_risc_v\x64\debug\udp_client.pdb
e:\xilinx_cmp_arch\risc_v\udp_cpp\udp_risc_v_file\udp_client\x64\debug\stdafx.obj
e:\xilinx_cmp_arch\risc_v\udp_cpp\udp_risc_v_file\udp_client\x64\debug\udp_client.obj
e:\xilinx_cmp_arch\risc_v\udp_cpp\udp_risc_v_file\udp_client\x64\debug\udp_client.pch
e:\xilinx_cmp_arch\risc_v\udp_cpp\udp_risc_v_file\udp_client\x64\debug\vc140.idb
e:\xilinx_cmp_arch\risc_v\udp_cpp\udp_risc_v_file\udp_client\x64\debug\vc140.pdb
e:\xilinx_cmp_arch\risc_v\udp_cpp\udp_risc_v_file\x64\debug\udp_client.pdb
e:\xilinx_cmp_arch\risc_v\udp_cpp\udp_risc_v_file\x64\debug\udp_client.exe
e:\xilinx_cmp_arch\risc_v\udp_cpp\udp_risc_v_file\x64\debug\udp_client.ilk
e:\xilinx_cmp_arch\risc_v\udp_cpp\udp_risc_v_file\udp_client\x64\debug\udp_client.tlog\cl.command.1.tlog
e:\xilinx_cmp_arch\risc_v\udp_cpp\udp_risc_v_file\udp_client\x64\debug\udp_client.tlog\cl.read.1.tlog
e:\xilinx_cmp_arch\risc_v\udp_cpp\udp_risc_v_file\udp_client\x64\debug\udp_client.tlog\cl.write.1.tlog
e:\xilinx_cmp_arch\risc_v\udp_cpp\udp_risc_v_file\udp_client\x64\debug\udp_client.tlog\link.command.1.tlog
e:\xilinx_cmp_arch\risc_v\udp_cpp\udp_risc_v_file\udp_client\x64\debug\udp_client.tlog\link.read.1.tlog
e:\xilinx_cmp_arch\risc_v\udp_cpp\udp_risc_v_file\udp_client\x64\debug\udp_client.tlog\link.write.1.tlog
