e:\xilinx_cmp_arch\risc_v\udp_cpp\udp_client\udp_client\x64\release\udp_client.pch
e:\xilinx_cmp_arch\risc_v\udp_cpp\udp_client\udp_client\x64\release\vc140.pdb
e:\xilinx_cmp_arch\risc_v\udp_cpp\udp_client\udp_client\x64\release\stdafx.obj
e:\xilinx_cmp_arch\risc_v\udp_cpp\udp_client\udp_client\x64\release\udp_client.obj
e:\xilinx_cmp_arch\risc_v\udp_cpp\udp_risc_v\udp_client\x64\release\udp_client.pch
e:\xilinx_cmp_arch\risc_v\udp_cpp\udp_risc_v\udp_client\x64\release\vc140.pdb
e:\xilinx_cmp_arch\risc_v\udp_cpp\udp_risc_v\udp_client\x64\release\stdafx.obj
e:\xilinx_cmp_arch\risc_v\udp_cpp\udp_risc_v\udp_client\x64\release\udp_client.obj
e:\xilinx_cmp_arch\risc_v\udp_cpp\udp_client\x64\release\udp_client.exe
e:\xilinx_cmp_arch\risc_v\udp_cpp\udp_client\x64\release\udp_client.ipdb
e:\xilinx_cmp_arch\risc_v\udp_cpp\udp_client\x64\release\udp_client.iobj
e:\xilinx_cmp_arch\risc_v\udp_cpp\udp_client\x64\release\udp_client.pdb
e:\xilinx_cmp_arch\risc_v\udp_cpp\udp_risc_v\x64\release\udp_client.exe
e:\xilinx_cmp_arch\risc_v\udp_cpp\udp_risc_v\x64\release\udp_client.ipdb
e:\xilinx_cmp_arch\risc_v\udp_cpp\udp_risc_v\x64\release\udp_client.iobj
e:\xilinx_cmp_arch\risc_v\udp_cpp\udp_risc_v\x64\release\udp_client.pdb
e:\xilinx_cmp_arch\risc_v\udp_cpp\udp_risc_v\udp_client\x64\release\udp_client.tlog\cl.command.1.tlog
e:\xilinx_cmp_arch\risc_v\udp_cpp\udp_risc_v\udp_client\x64\release\udp_client.tlog\cl.read.1.tlog
e:\xilinx_cmp_arch\risc_v\udp_cpp\udp_risc_v\udp_client\x64\release\udp_client.tlog\cl.write.1.tlog
e:\xilinx_cmp_arch\risc_v\udp_cpp\udp_risc_v\udp_client\x64\release\udp_client.tlog\link.command.1.tlog
e:\xilinx_cmp_arch\risc_v\udp_cpp\udp_risc_v\udp_client\x64\release\udp_client.tlog\link.read.1.tlog
e:\xilinx_cmp_arch\risc_v\udp_cpp\udp_risc_v\udp_client\x64\release\udp_client.tlog\link.write.1.tlog
